c:\users\hp\desktop\adesoye abeeb\cpp dbms\student_crud\student_crud\debug\student_crud.pch
c:\users\hp\desktop\adesoye abeeb\cpp dbms\student_crud\student_crud\debug\vc142.pdb
c:\users\hp\desktop\adesoye abeeb\cpp dbms\student_crud\student_crud\debug\pch.obj
c:\users\hp\desktop\adesoye abeeb\cpp dbms\student_crud\student_crud\debug\form1.obj
c:\users\hp\desktop\adesoye abeeb\cpp dbms\student_crud\student_crud\debug\cppclr_winformsprojekt.obj
c:\users\hp\desktop\adesoye abeeb\cpp dbms\student_crud\student_crud\debug\assemblyinfo.obj
c:\users\hp\desktop\adesoye abeeb\cpp dbms\student_crud\student_crud\debug\.netframework,version=v4.7.2.assemblyattributes.obj
c:\users\hp\desktop\adesoye abeeb\cpp dbms\student_crud\debug\mysql.data.dll
c:\users\hp\desktop\adesoye abeeb\cpp dbms\student_crud\debug\google.protobuf.dll
c:\users\hp\desktop\adesoye abeeb\cpp dbms\student_crud\debug\zstandard.net.dll
c:\users\hp\desktop\adesoye abeeb\cpp dbms\student_crud\debug\k4os.compression.lz4.streams.dll
c:\users\hp\desktop\adesoye abeeb\cpp dbms\student_crud\debug\bouncycastle.crypto.dll
c:\users\hp\desktop\adesoye abeeb\cpp dbms\student_crud\debug\ubiety.dns.core.dll
c:\users\hp\desktop\adesoye abeeb\cpp dbms\student_crud\debug\renci.sshnet.dll
c:\users\hp\desktop\adesoye abeeb\cpp dbms\student_crud\debug\system.memory.dll
c:\users\hp\desktop\adesoye abeeb\cpp dbms\student_crud\debug\system.buffers.dll
c:\users\hp\desktop\adesoye abeeb\cpp dbms\student_crud\debug\k4os.compression.lz4.dll
c:\users\hp\desktop\adesoye abeeb\cpp dbms\student_crud\debug\k4os.hash.xxhash.dll
c:\users\hp\desktop\adesoye abeeb\cpp dbms\student_crud\debug\system.numerics.vectors.dll
c:\users\hp\desktop\adesoye abeeb\cpp dbms\student_crud\debug\system.runtime.compilerservices.unsafe.dll
c:\users\hp\desktop\adesoye abeeb\cpp dbms\student_crud\debug\mysql.data.xml
c:\users\hp\desktop\adesoye abeeb\cpp dbms\student_crud\debug\student_crud.exe
c:\users\hp\desktop\adesoye abeeb\cpp dbms\student_crud\debug\student_crud.pdb
c:\users\hp\desktop\adesoye abeeb\cpp dbms\student_crud\student_crud\debug\student_crud.tlog\metagen.write.1.tlog
c:\users\hp\desktop\adesoye abeeb\cpp dbms\student_crud\student_crud\debug\app.res
c:\users\hp\desktop\adesoye abeeb\cpp dbms\student_crud\student_crud\debug\student_crud.form1.resources
c:\users\hp\desktop\adesoye abeeb\cpp dbms\student_crud\student_crud\debug\student_crud.tlog\cl.command.1.tlog
c:\users\hp\desktop\adesoye abeeb\cpp dbms\student_crud\student_crud\debug\student_crud.tlog\cl.read.1.tlog
c:\users\hp\desktop\adesoye abeeb\cpp dbms\student_crud\student_crud\debug\student_crud.tlog\cl.write.1.tlog
c:\users\hp\desktop\adesoye abeeb\cpp dbms\student_crud\student_crud\debug\student_crud.tlog\copylocal.read.1u.tlog
c:\users\hp\desktop\adesoye abeeb\cpp dbms\student_crud\student_crud\debug\student_crud.tlog\copylocal.write.1u.tlog
c:\users\hp\desktop\adesoye abeeb\cpp dbms\student_crud\student_crud\debug\student_crud.tlog\link.command.1.tlog
c:\users\hp\desktop\adesoye abeeb\cpp dbms\student_crud\student_crud\debug\student_crud.tlog\link.read.1.tlog
c:\users\hp\desktop\adesoye abeeb\cpp dbms\student_crud\student_crud\debug\student_crud.tlog\link.write.1.tlog
c:\users\hp\desktop\adesoye abeeb\cpp dbms\student_crud\student_crud\debug\student_crud.tlog\metagen.read.1.tlog
c:\users\hp\desktop\adesoye abeeb\cpp dbms\student_crud\student_crud\debug\student_crud.tlog\rc.command.1.tlog
c:\users\hp\desktop\adesoye abeeb\cpp dbms\student_crud\student_crud\debug\student_crud.tlog\rc.read.1.tlog
c:\users\hp\desktop\adesoye abeeb\cpp dbms\student_crud\student_crud\debug\student_crud.tlog\rc.write.1.tlog
c:\users\hp\desktop\adesoye abeeb\cpp dbms\student_crud\student_crud\debug\student_crud.tlog\student_crud.write.1u.tlog
c:\users\hp\desktop\adesoye abeeb\cpp dbms\student_crud\student_crud\debug\student_crud.tlog\mysql.data.dll.metagen
